<?xml version="1.0" encoding="UTF-8"?>
<testng-results skipped="0" failed="0" ignored="0" total="1" passed="1">
  <reporter-output>
  </reporter-output>
  <suite name="Default suite" duration-ms="7772" started-at="2019-02-17T13:05:37Z" finished-at="2019-02-17T13:05:45Z">
    <groups>
    </groups>
    <test name="Default test" duration-ms="7772" started-at="2019-02-17T13:05:37Z" finished-at="2019-02-17T13:05:45Z">
      <class name="testCasesE.VerifyingValueFromCatagoryList">
        <test-method status="PASS" signature="beforeClass()[pri:0, instance:testCasesE.VerifyingValueFromCatagoryList@39aeed2f]" name="beforeClass" is-config="true" duration-ms="2762" started-at="2019-02-17T13:05:37Z" finished-at="2019-02-17T13:05:40Z">
          <reporter-output>
          </reporter-output>
        </test-method> <!-- beforeClass -->
        <test-method status="PASS" signature="beforeMethod()[pri:0, instance:testCasesE.VerifyingValueFromCatagoryList@39aeed2f]" name="beforeMethod" is-config="true" duration-ms="2298" started-at="2019-02-17T13:05:40Z" finished-at="2019-02-17T13:05:42Z">
          <reporter-output>
          </reporter-output>
        </test-method> <!-- beforeMethod -->
        <test-method status="PASS" signature="verifedValueL()[pri:0, instance:testCasesE.VerifyingValueFromCatagoryList@39aeed2f]" name="verifedValueL" duration-ms="619" started-at="2019-02-17T13:05:42Z" finished-at="2019-02-17T13:05:43Z">
          <reporter-output>
          </reporter-output>
        </test-method> <!-- verifedValueL -->
        <test-method status="PASS" signature="afterMethod()[pri:0, instance:testCasesE.VerifyingValueFromCatagoryList@39aeed2f]" name="afterMethod" is-config="true" duration-ms="1" started-at="2019-02-17T13:05:43Z" finished-at="2019-02-17T13:05:43Z">
          <reporter-output>
          </reporter-output>
        </test-method> <!-- afterMethod -->
        <test-method status="PASS" signature="afterClass()[pri:0, instance:testCasesE.VerifyingValueFromCatagoryList@39aeed2f]" name="afterClass" is-config="true" duration-ms="2075" started-at="2019-02-17T13:05:43Z" finished-at="2019-02-17T13:05:45Z">
          <reporter-output>
          </reporter-output>
        </test-method> <!-- afterClass -->
      </class> <!-- testCasesE.VerifyingValueFromCatagoryList -->
    </test> <!-- Default test -->
  </suite> <!-- Default suite -->
</testng-results>
